The target system is: Android - 1 - i686
The host system is: Darwin - 20.2.0 - x86_64
Determining if the C compiler works passed with the following output:
Change Dir: /Users/Jonny/Project/xlua_libs/build/build.Android.x86/CMakeFiles/CMakeTmp

Run Build Command:"/usr/bin/make" "cmTC_2b0f5/fast"
/Applications/Xcode.app/Contents/Developer/usr/bin/make -f CMakeFiles/cmTC_2b0f5.dir/build.make CMakeFiles/cmTC_2b0f5.dir/build
Building C object CMakeFiles/cmTC_2b0f5.dir/testCCompiler.c.o
/Users/Jonny/Library/Android/NDK/toolchains/llvm/prebuilt/darwin-x86_64/bin/clang --target=i686-none-linux-android16 --gcc-toolchain=/Users/Jonny/Library/Android/NDK/toolchains/llvm/prebuilt/darwin-x86_64   --sysroot /Users/Jonny/Library/Android/NDK/toolchains/llvm/prebuilt/darwin-x86_64/sysroot -g -DANDROID -fdata-sections -ffunction-sections -funwind-tables -fstack-protector-strong -no-canonical-prefixes -mstackrealign -fno-addrsig -Wa,--noexecstack -Wformat -Werror=format-security   -fPIE   -o CMakeFiles/cmTC_2b0f5.dir/testCCompiler.c.o   -c /Users/Jonny/Project/xlua_libs/build/build.Android.x86/CMakeFiles/CMakeTmp/testCCompiler.c
Linking C executable cmTC_2b0f5
/Applications/CMake.app/Contents/bin/cmake -E cmake_link_script CMakeFiles/cmTC_2b0f5.dir/link.txt --verbose=1
/Users/Jonny/Library/Android/NDK/toolchains/llvm/prebuilt/darwin-x86_64/bin/clang --target=i686-none-linux-android16 --gcc-toolchain=/Users/Jonny/Library/Android/NDK/toolchains/llvm/prebuilt/darwin-x86_64 --sysroot /Users/Jonny/Library/Android/NDK/toolchains/llvm/prebuilt/darwin-x86_64/sysroot -g -DANDROID -fdata-sections -ffunction-sections -funwind-tables -fstack-protector-strong -no-canonical-prefixes -mstackrealign -fno-addrsig -Wa,--noexecstack -Wformat -Werror=format-security    -Wl,--exclude-libs,libgcc.a -Wl,--exclude-libs,libatomic.a -static-libstdc++ -Wl,--build-id -Wl,--warn-shared-textrel -Wl,--fatal-warnings -Wl,--no-undefined -Qunused-arguments -Wl,-z,noexecstack -Wl,-z,relro -Wl,-z,now -Wl,--gc-sections   CMakeFiles/cmTC_2b0f5.dir/testCCompiler.c.o  -o cmTC_2b0f5 -latomic -lm 


Detecting C compiler ABI info compiled with the following output:
Change Dir: /Users/Jonny/Project/xlua_libs/build/build.Android.x86/CMakeFiles/CMakeTmp

Run Build Command:"/usr/bin/make" "cmTC_044d7/fast"
/Applications/Xcode.app/Contents/Developer/usr/bin/make -f CMakeFiles/cmTC_044d7.dir/build.make CMakeFiles/cmTC_044d7.dir/build
Building C object CMakeFiles/cmTC_044d7.dir/CMakeCCompilerABI.c.o
/Users/Jonny/Library/Android/NDK/toolchains/llvm/prebuilt/darwin-x86_64/bin/clang --target=i686-none-linux-android16 --gcc-toolchain=/Users/Jonny/Library/Android/NDK/toolchains/llvm/prebuilt/darwin-x86_64   --sysroot /Users/Jonny/Library/Android/NDK/toolchains/llvm/prebuilt/darwin-x86_64/sysroot -g -DANDROID -fdata-sections -ffunction-sections -funwind-tables -fstack-protector-strong -no-canonical-prefixes -mstackrealign -fno-addrsig -Wa,--noexecstack -Wformat -Werror=format-security   -fPIE   -o CMakeFiles/cmTC_044d7.dir/CMakeCCompilerABI.c.o   -c /Applications/CMake.app/Contents/share/cmake-3.10/Modules/CMakeCCompilerABI.c
Linking C executable cmTC_044d7
/Applications/CMake.app/Contents/bin/cmake -E cmake_link_script CMakeFiles/cmTC_044d7.dir/link.txt --verbose=1
/Users/Jonny/Library/Android/NDK/toolchains/llvm/prebuilt/darwin-x86_64/bin/clang --target=i686-none-linux-android16 --gcc-toolchain=/Users/Jonny/Library/Android/NDK/toolchains/llvm/prebuilt/darwin-x86_64 --sysroot /Users/Jonny/Library/Android/NDK/toolchains/llvm/prebuilt/darwin-x86_64/sysroot -g -DANDROID -fdata-sections -ffunction-sections -funwind-tables -fstack-protector-strong -no-canonical-prefixes -mstackrealign -fno-addrsig -Wa,--noexecstack -Wformat -Werror=format-security    -Wl,--exclude-libs,libgcc.a -Wl,--exclude-libs,libatomic.a -static-libstdc++ -Wl,--build-id -Wl,--warn-shared-textrel -Wl,--fatal-warnings -Wl,--no-undefined -Qunused-arguments -Wl,-z,noexecstack -Wl,-z,relro -Wl,-z,now -Wl,--gc-sections  -v CMakeFiles/cmTC_044d7.dir/CMakeCCompilerABI.c.o  -o cmTC_044d7 
Android (5058415 based on r339409) clang version 8.0.2 (https://android.googlesource.com/toolchain/clang 40173bab62ec746213857d083c0e8b0abb568790) (https://android.googlesource.com/toolchain/llvm 7a6618d69e7e8111e1d49dc9e7813767c5ca756a) (based on LLVM 8.0.2svn)
Target: i686-none-linux-android16
Thread model: posix
InstalledDir: /Users/Jonny/Library/Android/NDK/toolchains/llvm/prebuilt/darwin-x86_64/bin
Found candidate GCC installation: /Users/Jonny/Library/Android/NDK/toolchains/llvm/prebuilt/darwin-x86_64/lib/gcc/i686-linux-android/4.9.x
Found candidate GCC installation: /Users/Jonny/Library/Android/NDK/toolchains/llvm/prebuilt/darwin-x86_64/lib/gcc/x86_64-linux-android/4.9.x
Selected GCC installation: /Users/Jonny/Library/Android/NDK/toolchains/llvm/prebuilt/darwin-x86_64/lib/gcc/i686-linux-android/4.9.x
Candidate multilib: .;@m32
Selected multilib: .;@m32
 "/Users/Jonny/Library/Android/NDK/toolchains/llvm/prebuilt/darwin-x86_64/lib/gcc/i686-linux-android/4.9.x/../../../../i686-linux-android/bin/ld" --sysroot=/Users/Jonny/Library/Android/NDK/toolchains/llvm/prebuilt/darwin-x86_64/sysroot -pie --enable-new-dtags --eh-frame-hdr -m elf_i386 -dynamic-linker /system/bin/linker -o cmTC_044d7 /Users/Jonny/Library/Android/NDK/toolchains/llvm/prebuilt/darwin-x86_64/sysroot/usr/lib/i686-linux-android/16/crtbegin_dynamic.o -L/Users/Jonny/Library/Android/NDK/toolchains/llvm/prebuilt/darwin-x86_64/lib64/clang/8.0.2/lib/linux/i386 -L/Users/Jonny/Library/Android/NDK/toolchains/llvm/prebuilt/darwin-x86_64/lib/gcc/i686-linux-android/4.9.x -L/Users/Jonny/Library/Android/NDK/toolchains/llvm/prebuilt/darwin-x86_64/sysroot/usr/lib/i686-linux-android/16 -L/Users/Jonny/Library/Android/NDK/toolchains/llvm/prebuilt/darwin-x86_64/sysroot/usr/lib/i686-linux-android -L/Users/Jonny/Library/Android/NDK/toolchains/llvm/prebuilt/darwin-x86_64/lib/gcc/i686-linux-android/4.9.x/../../../../i686-linux-android/lib -L/Users/Jonny/Library/Android/NDK/toolchains/llvm/prebuilt/darwin-x86_64/sysroot/usr/lib --exclude-libs libgcc.a --exclude-libs libatomic.a --build-id --warn-shared-textrel --fatal-warnings --no-undefined -z noexecstack -z relro -z now --gc-sections CMakeFiles/cmTC_044d7.dir/CMakeCCompilerABI.c.o -lgcc -ldl -lc -lgcc -ldl /Users/Jonny/Library/Android/NDK/toolchains/llvm/prebuilt/darwin-x86_64/sysroot/usr/lib/i686-linux-android/16/crtend_android.o


Parsed C implicit link information from above output:
  link line regex: [^( *|.*[/\])(i686-linux-android-ld|CMAKE_LINK_STARTFILE-NOTFOUND|([^/\]+-)?ld|collect2)[^/\]*( |$)]
  ignore line: [Change Dir: /Users/Jonny/Project/xlua_libs/build/build.Android.x86/CMakeFiles/CMakeTmp]
  ignore line: []
  ignore line: [Run Build Command:"/usr/bin/make" "cmTC_044d7/fast"]
  ignore line: [/Applications/Xcode.app/Contents/Developer/usr/bin/make -f CMakeFiles/cmTC_044d7.dir/build.make CMakeFiles/cmTC_044d7.dir/build]
  ignore line: [Building C object CMakeFiles/cmTC_044d7.dir/CMakeCCompilerABI.c.o]
  ignore line: [/Users/Jonny/Library/Android/NDK/toolchains/llvm/prebuilt/darwin-x86_64/bin/clang --target=i686-none-linux-android16 --gcc-toolchain=/Users/Jonny/Library/Android/NDK/toolchains/llvm/prebuilt/darwin-x86_64   --sysroot /Users/Jonny/Library/Android/NDK/toolchains/llvm/prebuilt/darwin-x86_64/sysroot -g -DANDROID -fdata-sections -ffunction-sections -funwind-tables -fstack-protector-strong -no-canonical-prefixes -mstackrealign -fno-addrsig -Wa,--noexecstack -Wformat -Werror=format-security   -fPIE   -o CMakeFiles/cmTC_044d7.dir/CMakeCCompilerABI.c.o   -c /Applications/CMake.app/Contents/share/cmake-3.10/Modules/CMakeCCompilerABI.c]
  ignore line: [Linking C executable cmTC_044d7]
  ignore line: [/Applications/CMake.app/Contents/bin/cmake -E cmake_link_script CMakeFiles/cmTC_044d7.dir/link.txt --verbose=1]
  ignore line: [/Users/Jonny/Library/Android/NDK/toolchains/llvm/prebuilt/darwin-x86_64/bin/clang --target=i686-none-linux-android16 --gcc-toolchain=/Users/Jonny/Library/Android/NDK/toolchains/llvm/prebuilt/darwin-x86_64 --sysroot /Users/Jonny/Library/Android/NDK/toolchains/llvm/prebuilt/darwin-x86_64/sysroot -g -DANDROID -fdata-sections -ffunction-sections -funwind-tables -fstack-protector-strong -no-canonical-prefixes -mstackrealign -fno-addrsig -Wa,--noexecstack -Wformat -Werror=format-security    -Wl,--exclude-libs,libgcc.a -Wl,--exclude-libs,libatomic.a -static-libstdc++ -Wl,--build-id -Wl,--warn-shared-textrel -Wl,--fatal-warnings -Wl,--no-undefined -Qunused-arguments -Wl,-z,noexecstack -Wl,-z,relro -Wl,-z,now -Wl,--gc-sections  -v CMakeFiles/cmTC_044d7.dir/CMakeCCompilerABI.c.o  -o cmTC_044d7 ]
  ignore line: [Android (5058415 based on r339409) clang version 8.0.2 (https://android.googlesource.com/toolchain/clang 40173bab62ec746213857d083c0e8b0abb568790) (https://android.googlesource.com/toolchain/llvm 7a6618d69e7e8111e1d49dc9e7813767c5ca756a) (based on LLVM 8.0.2svn)]
  ignore line: [Target: i686-none-linux-android16]
  ignore line: [Thread model: posix]
  ignore line: [InstalledDir: /Users/Jonny/Library/Android/NDK/toolchains/llvm/prebuilt/darwin-x86_64/bin]
  ignore line: [Found candidate GCC installation: /Users/Jonny/Library/Android/NDK/toolchains/llvm/prebuilt/darwin-x86_64/lib/gcc/i686-linux-android/4.9.x]
  ignore line: [Found candidate GCC installation: /Users/Jonny/Library/Android/NDK/toolchains/llvm/prebuilt/darwin-x86_64/lib/gcc/x86_64-linux-android/4.9.x]
  ignore line: [Selected GCC installation: /Users/Jonny/Library/Android/NDK/toolchains/llvm/prebuilt/darwin-x86_64/lib/gcc/i686-linux-android/4.9.x]
  ignore line: [Candidate multilib: .]
  ignore line: [@m32]
  ignore line: [Selected multilib: .]
  ignore line: [@m32]
  link line: [ "/Users/Jonny/Library/Android/NDK/toolchains/llvm/prebuilt/darwin-x86_64/lib/gcc/i686-linux-android/4.9.x/../../../../i686-linux-android/bin/ld" --sysroot=/Users/Jonny/Library/Android/NDK/toolchains/llvm/prebuilt/darwin-x86_64/sysroot -pie --enable-new-dtags --eh-frame-hdr -m elf_i386 -dynamic-linker /system/bin/linker -o cmTC_044d7 /Users/Jonny/Library/Android/NDK/toolchains/llvm/prebuilt/darwin-x86_64/sysroot/usr/lib/i686-linux-android/16/crtbegin_dynamic.o -L/Users/Jonny/Library/Android/NDK/toolchains/llvm/prebuilt/darwin-x86_64/lib64/clang/8.0.2/lib/linux/i386 -L/Users/Jonny/Library/Android/NDK/toolchains/llvm/prebuilt/darwin-x86_64/lib/gcc/i686-linux-android/4.9.x -L/Users/Jonny/Library/Android/NDK/toolchains/llvm/prebuilt/darwin-x86_64/sysroot/usr/lib/i686-linux-android/16 -L/Users/Jonny/Library/Android/NDK/toolchains/llvm/prebuilt/darwin-x86_64/sysroot/usr/lib/i686-linux-android -L/Users/Jonny/Library/Android/NDK/toolchains/llvm/prebuilt/darwin-x86_64/lib/gcc/i686-linux-android/4.9.x/../../../../i686-linux-android/lib -L/Users/Jonny/Library/Android/NDK/toolchains/llvm/prebuilt/darwin-x86_64/sysroot/usr/lib --exclude-libs libgcc.a --exclude-libs libatomic.a --build-id --warn-shared-textrel --fatal-warnings --no-undefined -z noexecstack -z relro -z now --gc-sections CMakeFiles/cmTC_044d7.dir/CMakeCCompilerABI.c.o -lgcc -ldl -lc -lgcc -ldl /Users/Jonny/Library/Android/NDK/toolchains/llvm/prebuilt/darwin-x86_64/sysroot/usr/lib/i686-linux-android/16/crtend_android.o]
    arg [/Users/Jonny/Library/Android/NDK/toolchains/llvm/prebuilt/darwin-x86_64/lib/gcc/i686-linux-android/4.9.x/../../../../i686-linux-android/bin/ld] ==> ignore
    arg [--sysroot=/Users/Jonny/Library/Android/NDK/toolchains/llvm/prebuilt/darwin-x86_64/sysroot] ==> ignore
    arg [-pie] ==> ignore
    arg [--enable-new-dtags] ==> ignore
    arg [--eh-frame-hdr] ==> ignore
    arg [-m] ==> ignore
    arg [elf_i386] ==> ignore
    arg [-dynamic-linker] ==> ignore
    arg [/system/bin/linker] ==> ignore
    arg [-o] ==> ignore
    arg [cmTC_044d7] ==> ignore
    arg [/Users/Jonny/Library/Android/NDK/toolchains/llvm/prebuilt/darwin-x86_64/sysroot/usr/lib/i686-linux-android/16/crtbegin_dynamic.o] ==> ignore
    arg [-L/Users/Jonny/Library/Android/NDK/toolchains/llvm/prebuilt/darwin-x86_64/lib64/clang/8.0.2/lib/linux/i386] ==> dir [/Users/Jonny/Library/Android/NDK/toolchains/llvm/prebuilt/darwin-x86_64/lib64/clang/8.0.2/lib/linux/i386]
    arg [-L/Users/Jonny/Library/Android/NDK/toolchains/llvm/prebuilt/darwin-x86_64/lib/gcc/i686-linux-android/4.9.x] ==> dir [/Users/Jonny/Library/Android/NDK/toolchains/llvm/prebuilt/darwin-x86_64/lib/gcc/i686-linux-android/4.9.x]
    arg [-L/Users/Jonny/Library/Android/NDK/toolchains/llvm/prebuilt/darwin-x86_64/sysroot/usr/lib/i686-linux-android/16] ==> dir [/Users/Jonny/Library/Android/NDK/toolchains/llvm/prebuilt/darwin-x86_64/sysroot/usr/lib/i686-linux-android/16]
    arg [-L/Users/Jonny/Library/Android/NDK/toolchains/llvm/prebuilt/darwin-x86_64/sysroot/usr/lib/i686-linux-android] ==> dir [/Users/Jonny/Library/Android/NDK/toolchains/llvm/prebuilt/darwin-x86_64/sysroot/usr/lib/i686-linux-android]
    arg [-L/Users/Jonny/Library/Android/NDK/toolchains/llvm/prebuilt/darwin-x86_64/lib/gcc/i686-linux-android/4.9.x/../../../../i686-linux-android/lib] ==> dir [/Users/Jonny/Library/Android/NDK/toolchains/llvm/prebuilt/darwin-x86_64/lib/gcc/i686-linux-android/4.9.x/../../../../i686-linux-android/lib]
    arg [-L/Users/Jonny/Library/Android/NDK/toolchains/llvm/prebuilt/darwin-x86_64/sysroot/usr/lib] ==> dir [/Users/Jonny/Library/Android/NDK/toolchains/llvm/prebuilt/darwin-x86_64/sysroot/usr/lib]
    arg [--exclude-libs] ==> ignore
    arg [libgcc.a] ==> ignore
    arg [--exclude-libs] ==> ignore
    arg [libatomic.a] ==> ignore
    arg [--build-id] ==> ignore
    arg [--warn-shared-textrel] ==> ignore
    arg [--fatal-warnings] ==> ignore
    arg [--no-undefined] ==> ignore
    arg [-znoexecstack] ==> ignore
    arg [-zrelro] ==> ignore
    arg [-znow] ==> ignore
    arg [--gc-sections] ==> ignore
    arg [CMakeFiles/cmTC_044d7.dir/CMakeCCompilerABI.c.o] ==> ignore
    arg [-lgcc] ==> lib [gcc]
    arg [-ldl] ==> lib [dl]
    arg [-lc] ==> lib [c]
    arg [-lgcc] ==> lib [gcc]
    arg [-ldl] ==> lib [dl]
    arg [/Users/Jonny/Library/Android/NDK/toolchains/llvm/prebuilt/darwin-x86_64/sysroot/usr/lib/i686-linux-android/16/crtend_android.o] ==> ignore
  collapse library dir [/Users/Jonny/Library/Android/NDK/toolchains/llvm/prebuilt/darwin-x86_64/lib64/clang/8.0.2/lib/linux/i386] ==> [/Users/Jonny/Library/Android/NDK/toolchains/llvm/prebuilt/darwin-x86_64/lib64/clang/8.0.2/lib/linux/i386]
  collapse library dir [/Users/Jonny/Library/Android/NDK/toolchains/llvm/prebuilt/darwin-x86_64/lib/gcc/i686-linux-android/4.9.x] ==> [/Users/Jonny/Library/Android/NDK/toolchains/llvm/prebuilt/darwin-x86_64/lib/gcc/i686-linux-android/4.9.x]
  collapse library dir [/Users/Jonny/Library/Android/NDK/toolchains/llvm/prebuilt/darwin-x86_64/sysroot/usr/lib/i686-linux-android/16] ==> [/Users/Jonny/Library/Android/NDK/toolchains/llvm/prebuilt/darwin-x86_64/sysroot/usr/lib/i686-linux-android/16]
  collapse library dir [/Users/Jonny/Library/Android/NDK/toolchains/llvm/prebuilt/darwin-x86_64/sysroot/usr/lib/i686-linux-android] ==> [/Users/Jonny/Library/Android/NDK/toolchains/llvm/prebuilt/darwin-x86_64/sysroot/usr/lib/i686-linux-android]
  collapse library dir [/Users/Jonny/Library/Android/NDK/toolchains/llvm/prebuilt/darwin-x86_64/lib/gcc/i686-linux-android/4.9.x/../../../../i686-linux-android/lib] ==> [/Users/Jonny/Library/Android/NDK/toolchains/llvm/prebuilt/darwin-x86_64/i686-linux-android/lib]
  collapse library dir [/Users/Jonny/Library/Android/NDK/toolchains/llvm/prebuilt/darwin-x86_64/sysroot/usr/lib] ==> [/Users/Jonny/Library/Android/NDK/toolchains/llvm/prebuilt/darwin-x86_64/sysroot/usr/lib]
  implicit libs: [gcc;dl;c;gcc;dl]
  implicit dirs: [/Users/Jonny/Library/Android/NDK/toolchains/llvm/prebuilt/darwin-x86_64/lib64/clang/8.0.2/lib/linux/i386;/Users/Jonny/Library/Android/NDK/toolchains/llvm/prebuilt/darwin-x86_64/lib/gcc/i686-linux-android/4.9.x;/Users/Jonny/Library/Android/NDK/toolchains/llvm/prebuilt/darwin-x86_64/sysroot/usr/lib/i686-linux-android/16;/Users/Jonny/Library/Android/NDK/toolchains/llvm/prebuilt/darwin-x86_64/sysroot/usr/lib/i686-linux-android;/Users/Jonny/Library/Android/NDK/toolchains/llvm/prebuilt/darwin-x86_64/i686-linux-android/lib;/Users/Jonny/Library/Android/NDK/toolchains/llvm/prebuilt/darwin-x86_64/sysroot/usr/lib]
  implicit fwks: []




Detecting C [-std=c11] compiler features compiled with the following output:
Change Dir: /Users/Jonny/Project/xlua_libs/build/build.Android.x86/CMakeFiles/CMakeTmp

Run Build Command:"/usr/bin/make" "cmTC_f01df/fast"
/Applications/Xcode.app/Contents/Developer/usr/bin/make -f CMakeFiles/cmTC_f01df.dir/build.make CMakeFiles/cmTC_f01df.dir/build
Building C object CMakeFiles/cmTC_f01df.dir/feature_tests.c.o
/Users/Jonny/Library/Android/NDK/toolchains/llvm/prebuilt/darwin-x86_64/bin/clang --target=i686-none-linux-android16 --gcc-toolchain=/Users/Jonny/Library/Android/NDK/toolchains/llvm/prebuilt/darwin-x86_64   --sysroot /Users/Jonny/Library/Android/NDK/toolchains/llvm/prebuilt/darwin-x86_64/sysroot -g -DANDROID -fdata-sections -ffunction-sections -funwind-tables -fstack-protector-strong -no-canonical-prefixes -mstackrealign -fno-addrsig -Wa,--noexecstack -Wformat -Werror=format-security   -fPIE   -std=c11 -o CMakeFiles/cmTC_f01df.dir/feature_tests.c.o   -c /Users/Jonny/Project/xlua_libs/build/build.Android.x86/CMakeFiles/feature_tests.c
Linking C executable cmTC_f01df
/Applications/CMake.app/Contents/bin/cmake -E cmake_link_script CMakeFiles/cmTC_f01df.dir/link.txt --verbose=1
/Users/Jonny/Library/Android/NDK/toolchains/llvm/prebuilt/darwin-x86_64/bin/clang --target=i686-none-linux-android16 --gcc-toolchain=/Users/Jonny/Library/Android/NDK/toolchains/llvm/prebuilt/darwin-x86_64 --sysroot /Users/Jonny/Library/Android/NDK/toolchains/llvm/prebuilt/darwin-x86_64/sysroot -g -DANDROID -fdata-sections -ffunction-sections -funwind-tables -fstack-protector-strong -no-canonical-prefixes -mstackrealign -fno-addrsig -Wa,--noexecstack -Wformat -Werror=format-security    -Wl,--exclude-libs,libgcc.a -Wl,--exclude-libs,libatomic.a -static-libstdc++ -Wl,--build-id -Wl,--warn-shared-textrel -Wl,--fatal-warnings -Wl,--no-undefined -Qunused-arguments -Wl,-z,noexecstack -Wl,-z,relro -Wl,-z,now -Wl,--gc-sections   CMakeFiles/cmTC_f01df.dir/feature_tests.c.o  -o cmTC_f01df -latomic -lm 


    Feature record: C_FEATURE:1c_function_prototypes
    Feature record: C_FEATURE:1c_restrict
    Feature record: C_FEATURE:1c_static_assert
    Feature record: C_FEATURE:1c_variadic_macros


Detecting C [-std=c99] compiler features compiled with the following output:
Change Dir: /Users/Jonny/Project/xlua_libs/build/build.Android.x86/CMakeFiles/CMakeTmp

Run Build Command:"/usr/bin/make" "cmTC_81179/fast"
/Applications/Xcode.app/Contents/Developer/usr/bin/make -f CMakeFiles/cmTC_81179.dir/build.make CMakeFiles/cmTC_81179.dir/build
Building C object CMakeFiles/cmTC_81179.dir/feature_tests.c.o
/Users/Jonny/Library/Android/NDK/toolchains/llvm/prebuilt/darwin-x86_64/bin/clang --target=i686-none-linux-android16 --gcc-toolchain=/Users/Jonny/Library/Android/NDK/toolchains/llvm/prebuilt/darwin-x86_64   --sysroot /Users/Jonny/Library/Android/NDK/toolchains/llvm/prebuilt/darwin-x86_64/sysroot -g -DANDROID -fdata-sections -ffunction-sections -funwind-tables -fstack-protector-strong -no-canonical-prefixes -mstackrealign -fno-addrsig -Wa,--noexecstack -Wformat -Werror=format-security   -fPIE   -std=c99 -o CMakeFiles/cmTC_81179.dir/feature_tests.c.o   -c /Users/Jonny/Project/xlua_libs/build/build.Android.x86/CMakeFiles/feature_tests.c
Linking C executable cmTC_81179
/Applications/CMake.app/Contents/bin/cmake -E cmake_link_script CMakeFiles/cmTC_81179.dir/link.txt --verbose=1
/Users/Jonny/Library/Android/NDK/toolchains/llvm/prebuilt/darwin-x86_64/bin/clang --target=i686-none-linux-android16 --gcc-toolchain=/Users/Jonny/Library/Android/NDK/toolchains/llvm/prebuilt/darwin-x86_64 --sysroot /Users/Jonny/Library/Android/NDK/toolchains/llvm/prebuilt/darwin-x86_64/sysroot -g -DANDROID -fdata-sections -ffunction-sections -funwind-tables -fstack-protector-strong -no-canonical-prefixes -mstackrealign -fno-addrsig -Wa,--noexecstack -Wformat -Werror=format-security    -Wl,--exclude-libs,libgcc.a -Wl,--exclude-libs,libatomic.a -static-libstdc++ -Wl,--build-id -Wl,--warn-shared-textrel -Wl,--fatal-warnings -Wl,--no-undefined -Qunused-arguments -Wl,-z,noexecstack -Wl,-z,relro -Wl,-z,now -Wl,--gc-sections   CMakeFiles/cmTC_81179.dir/feature_tests.c.o  -o cmTC_81179 -latomic -lm 


    Feature record: C_FEATURE:1c_function_prototypes
    Feature record: C_FEATURE:1c_restrict
    Feature record: C_FEATURE:0c_static_assert
    Feature record: C_FEATURE:1c_variadic_macros


Detecting C [-std=c90] compiler features compiled with the following output:
Change Dir: /Users/Jonny/Project/xlua_libs/build/build.Android.x86/CMakeFiles/CMakeTmp

Run Build Command:"/usr/bin/make" "cmTC_594ff/fast"
/Applications/Xcode.app/Contents/Developer/usr/bin/make -f CMakeFiles/cmTC_594ff.dir/build.make CMakeFiles/cmTC_594ff.dir/build
Building C object CMakeFiles/cmTC_594ff.dir/feature_tests.c.o
/Users/Jonny/Library/Android/NDK/toolchains/llvm/prebuilt/darwin-x86_64/bin/clang --target=i686-none-linux-android16 --gcc-toolchain=/Users/Jonny/Library/Android/NDK/toolchains/llvm/prebuilt/darwin-x86_64   --sysroot /Users/Jonny/Library/Android/NDK/toolchains/llvm/prebuilt/darwin-x86_64/sysroot -g -DANDROID -fdata-sections -ffunction-sections -funwind-tables -fstack-protector-strong -no-canonical-prefixes -mstackrealign -fno-addrsig -Wa,--noexecstack -Wformat -Werror=format-security   -fPIE   -std=c90 -o CMakeFiles/cmTC_594ff.dir/feature_tests.c.o   -c /Users/Jonny/Project/xlua_libs/build/build.Android.x86/CMakeFiles/feature_tests.c
Linking C executable cmTC_594ff
/Applications/CMake.app/Contents/bin/cmake -E cmake_link_script CMakeFiles/cmTC_594ff.dir/link.txt --verbose=1
/Users/Jonny/Library/Android/NDK/toolchains/llvm/prebuilt/darwin-x86_64/bin/clang --target=i686-none-linux-android16 --gcc-toolchain=/Users/Jonny/Library/Android/NDK/toolchains/llvm/prebuilt/darwin-x86_64 --sysroot /Users/Jonny/Library/Android/NDK/toolchains/llvm/prebuilt/darwin-x86_64/sysroot -g -DANDROID -fdata-sections -ffunction-sections -funwind-tables -fstack-protector-strong -no-canonical-prefixes -mstackrealign -fno-addrsig -Wa,--noexecstack -Wformat -Werror=format-security    -Wl,--exclude-libs,libgcc.a -Wl,--exclude-libs,libatomic.a -static-libstdc++ -Wl,--build-id -Wl,--warn-shared-textrel -Wl,--fatal-warnings -Wl,--no-undefined -Qunused-arguments -Wl,-z,noexecstack -Wl,-z,relro -Wl,-z,now -Wl,--gc-sections   CMakeFiles/cmTC_594ff.dir/feature_tests.c.o  -o cmTC_594ff -latomic -lm 


    Feature record: C_FEATURE:1c_function_prototypes
    Feature record: C_FEATURE:0c_restrict
    Feature record: C_FEATURE:0c_static_assert
    Feature record: C_FEATURE:0c_variadic_macros
Determining if the CXX compiler works passed with the following output:
Change Dir: /Users/Jonny/Project/xlua_libs/build/build.Android.x86/CMakeFiles/CMakeTmp

Run Build Command:"/usr/bin/make" "cmTC_c7957/fast"
/Applications/Xcode.app/Contents/Developer/usr/bin/make -f CMakeFiles/cmTC_c7957.dir/build.make CMakeFiles/cmTC_c7957.dir/build
Building CXX object CMakeFiles/cmTC_c7957.dir/testCXXCompiler.cxx.o
/Users/Jonny/Library/Android/NDK/toolchains/llvm/prebuilt/darwin-x86_64/bin/clang++ --target=i686-none-linux-android16 --gcc-toolchain=/Users/Jonny/Library/Android/NDK/toolchains/llvm/prebuilt/darwin-x86_64    --sysroot /Users/Jonny/Library/Android/NDK/toolchains/llvm/prebuilt/darwin-x86_64/sysroot -g -DANDROID -fdata-sections -ffunction-sections -funwind-tables -fstack-protector-strong -no-canonical-prefixes -mstackrealign -fno-addrsig -Wa,--noexecstack -Wformat -Werror=format-security -stdlib=libc++   -fPIE   -o CMakeFiles/cmTC_c7957.dir/testCXXCompiler.cxx.o -c /Users/Jonny/Project/xlua_libs/build/build.Android.x86/CMakeFiles/CMakeTmp/testCXXCompiler.cxx
Linking CXX executable cmTC_c7957
/Applications/CMake.app/Contents/bin/cmake -E cmake_link_script CMakeFiles/cmTC_c7957.dir/link.txt --verbose=1
/Users/Jonny/Library/Android/NDK/toolchains/llvm/prebuilt/darwin-x86_64/bin/clang++ --target=i686-none-linux-android16 --gcc-toolchain=/Users/Jonny/Library/Android/NDK/toolchains/llvm/prebuilt/darwin-x86_64  --sysroot /Users/Jonny/Library/Android/NDK/toolchains/llvm/prebuilt/darwin-x86_64/sysroot -g -DANDROID -fdata-sections -ffunction-sections -funwind-tables -fstack-protector-strong -no-canonical-prefixes -mstackrealign -fno-addrsig -Wa,--noexecstack -Wformat -Werror=format-security -stdlib=libc++    -Wl,--exclude-libs,libgcc.a -Wl,--exclude-libs,libatomic.a -static-libstdc++ -Wl,--build-id -Wl,--warn-shared-textrel -Wl,--fatal-warnings -Wl,--no-undefined -Qunused-arguments -Wl,-z,noexecstack -Wl,-z,relro -Wl,-z,now -Wl,--gc-sections   CMakeFiles/cmTC_c7957.dir/testCXXCompiler.cxx.o  -o cmTC_c7957 -latomic -lm 


Detecting CXX compiler ABI info compiled with the following output:
Change Dir: /Users/Jonny/Project/xlua_libs/build/build.Android.x86/CMakeFiles/CMakeTmp

Run Build Command:"/usr/bin/make" "cmTC_f2331/fast"
/Applications/Xcode.app/Contents/Developer/usr/bin/make -f CMakeFiles/cmTC_f2331.dir/build.make CMakeFiles/cmTC_f2331.dir/build
Building CXX object CMakeFiles/cmTC_f2331.dir/CMakeCXXCompilerABI.cpp.o
/Users/Jonny/Library/Android/NDK/toolchains/llvm/prebuilt/darwin-x86_64/bin/clang++ --target=i686-none-linux-android16 --gcc-toolchain=/Users/Jonny/Library/Android/NDK/toolchains/llvm/prebuilt/darwin-x86_64    --sysroot /Users/Jonny/Library/Android/NDK/toolchains/llvm/prebuilt/darwin-x86_64/sysroot -g -DANDROID -fdata-sections -ffunction-sections -funwind-tables -fstack-protector-strong -no-canonical-prefixes -mstackrealign -fno-addrsig -Wa,--noexecstack -Wformat -Werror=format-security -stdlib=libc++   -fPIE   -o CMakeFiles/cmTC_f2331.dir/CMakeCXXCompilerABI.cpp.o -c /Applications/CMake.app/Contents/share/cmake-3.10/Modules/CMakeCXXCompilerABI.cpp
Linking CXX executable cmTC_f2331
/Applications/CMake.app/Contents/bin/cmake -E cmake_link_script CMakeFiles/cmTC_f2331.dir/link.txt --verbose=1
/Users/Jonny/Library/Android/NDK/toolchains/llvm/prebuilt/darwin-x86_64/bin/clang++ --target=i686-none-linux-android16 --gcc-toolchain=/Users/Jonny/Library/Android/NDK/toolchains/llvm/prebuilt/darwin-x86_64  --sysroot /Users/Jonny/Library/Android/NDK/toolchains/llvm/prebuilt/darwin-x86_64/sysroot -g -DANDROID -fdata-sections -ffunction-sections -funwind-tables -fstack-protector-strong -no-canonical-prefixes -mstackrealign -fno-addrsig -Wa,--noexecstack -Wformat -Werror=format-security -stdlib=libc++    -Wl,--exclude-libs,libgcc.a -Wl,--exclude-libs,libatomic.a -static-libstdc++ -Wl,--build-id -Wl,--warn-shared-textrel -Wl,--fatal-warnings -Wl,--no-undefined -Qunused-arguments -Wl,-z,noexecstack -Wl,-z,relro -Wl,-z,now -Wl,--gc-sections  -v CMakeFiles/cmTC_f2331.dir/CMakeCXXCompilerABI.cpp.o  -o cmTC_f2331 
Android (5058415 based on r339409) clang version 8.0.2 (https://android.googlesource.com/toolchain/clang 40173bab62ec746213857d083c0e8b0abb568790) (https://android.googlesource.com/toolchain/llvm 7a6618d69e7e8111e1d49dc9e7813767c5ca756a) (based on LLVM 8.0.2svn)
Target: i686-none-linux-android16
Thread model: posix
InstalledDir: /Users/Jonny/Library/Android/NDK/toolchains/llvm/prebuilt/darwin-x86_64/bin
Found candidate GCC installation: /Users/Jonny/Library/Android/NDK/toolchains/llvm/prebuilt/darwin-x86_64/lib/gcc/i686-linux-android/4.9.x
Found candidate GCC installation: /Users/Jonny/Library/Android/NDK/toolchains/llvm/prebuilt/darwin-x86_64/lib/gcc/x86_64-linux-android/4.9.x
Selected GCC installation: /Users/Jonny/Library/Android/NDK/toolchains/llvm/prebuilt/darwin-x86_64/lib/gcc/i686-linux-android/4.9.x
Candidate multilib: .;@m32
Selected multilib: .;@m32
 "/Users/Jonny/Library/Android/NDK/toolchains/llvm/prebuilt/darwin-x86_64/lib/gcc/i686-linux-android/4.9.x/../../../../i686-linux-android/bin/ld" --sysroot=/Users/Jonny/Library/Android/NDK/toolchains/llvm/prebuilt/darwin-x86_64/sysroot -pie --enable-new-dtags --eh-frame-hdr -m elf_i386 -dynamic-linker /system/bin/linker -o cmTC_f2331 /Users/Jonny/Library/Android/NDK/toolchains/llvm/prebuilt/darwin-x86_64/sysroot/usr/lib/i686-linux-android/16/crtbegin_dynamic.o -L/Users/Jonny/Library/Android/NDK/toolchains/llvm/prebuilt/darwin-x86_64/lib64/clang/8.0.2/lib/linux/i386 -L/Users/Jonny/Library/Android/NDK/toolchains/llvm/prebuilt/darwin-x86_64/lib/gcc/i686-linux-android/4.9.x -L/Users/Jonny/Library/Android/NDK/toolchains/llvm/prebuilt/darwin-x86_64/sysroot/usr/lib/i686-linux-android/16 -L/Users/Jonny/Library/Android/NDK/toolchains/llvm/prebuilt/darwin-x86_64/sysroot/usr/lib/i686-linux-android -L/Users/Jonny/Library/Android/NDK/toolchains/llvm/prebuilt/darwin-x86_64/lib/gcc/i686-linux-android/4.9.x/../../../../i686-linux-android/lib -L/Users/Jonny/Library/Android/NDK/toolchains/llvm/prebuilt/darwin-x86_64/sysroot/usr/lib --exclude-libs libgcc.a --exclude-libs libatomic.a --build-id --warn-shared-textrel --fatal-warnings --no-undefined -z noexecstack -z relro -z now --gc-sections CMakeFiles/cmTC_f2331.dir/CMakeCXXCompilerABI.cpp.o -Bstatic -lc++ -Bdynamic -lm -lgcc -lgcc -ldl -lc -lgcc -lgcc -ldl /Users/Jonny/Library/Android/NDK/toolchains/llvm/prebuilt/darwin-x86_64/sysroot/usr/lib/i686-linux-android/16/crtend_android.o


Parsed CXX implicit link information from above output:
  link line regex: [^( *|.*[/\])(i686-linux-android-ld|CMAKE_LINK_STARTFILE-NOTFOUND|([^/\]+-)?ld|collect2)[^/\]*( |$)]
  ignore line: [Change Dir: /Users/Jonny/Project/xlua_libs/build/build.Android.x86/CMakeFiles/CMakeTmp]
  ignore line: []
  ignore line: [Run Build Command:"/usr/bin/make" "cmTC_f2331/fast"]
  ignore line: [/Applications/Xcode.app/Contents/Developer/usr/bin/make -f CMakeFiles/cmTC_f2331.dir/build.make CMakeFiles/cmTC_f2331.dir/build]
  ignore line: [Building CXX object CMakeFiles/cmTC_f2331.dir/CMakeCXXCompilerABI.cpp.o]
  ignore line: [/Users/Jonny/Library/Android/NDK/toolchains/llvm/prebuilt/darwin-x86_64/bin/clang++ --target=i686-none-linux-android16 --gcc-toolchain=/Users/Jonny/Library/Android/NDK/toolchains/llvm/prebuilt/darwin-x86_64    --sysroot /Users/Jonny/Library/Android/NDK/toolchains/llvm/prebuilt/darwin-x86_64/sysroot -g -DANDROID -fdata-sections -ffunction-sections -funwind-tables -fstack-protector-strong -no-canonical-prefixes -mstackrealign -fno-addrsig -Wa,--noexecstack -Wformat -Werror=format-security -stdlib=libc++   -fPIE   -o CMakeFiles/cmTC_f2331.dir/CMakeCXXCompilerABI.cpp.o -c /Applications/CMake.app/Contents/share/cmake-3.10/Modules/CMakeCXXCompilerABI.cpp]
  ignore line: [Linking CXX executable cmTC_f2331]
  ignore line: [/Applications/CMake.app/Contents/bin/cmake -E cmake_link_script CMakeFiles/cmTC_f2331.dir/link.txt --verbose=1]
  ignore line: [/Users/Jonny/Library/Android/NDK/toolchains/llvm/prebuilt/darwin-x86_64/bin/clang++ --target=i686-none-linux-android16 --gcc-toolchain=/Users/Jonny/Library/Android/NDK/toolchains/llvm/prebuilt/darwin-x86_64  --sysroot /Users/Jonny/Library/Android/NDK/toolchains/llvm/prebuilt/darwin-x86_64/sysroot -g -DANDROID -fdata-sections -ffunction-sections -funwind-tables -fstack-protector-strong -no-canonical-prefixes -mstackrealign -fno-addrsig -Wa,--noexecstack -Wformat -Werror=format-security -stdlib=libc++    -Wl,--exclude-libs,libgcc.a -Wl,--exclude-libs,libatomic.a -static-libstdc++ -Wl,--build-id -Wl,--warn-shared-textrel -Wl,--fatal-warnings -Wl,--no-undefined -Qunused-arguments -Wl,-z,noexecstack -Wl,-z,relro -Wl,-z,now -Wl,--gc-sections  -v CMakeFiles/cmTC_f2331.dir/CMakeCXXCompilerABI.cpp.o  -o cmTC_f2331 ]
  ignore line: [Android (5058415 based on r339409) clang version 8.0.2 (https://android.googlesource.com/toolchain/clang 40173bab62ec746213857d083c0e8b0abb568790) (https://android.googlesource.com/toolchain/llvm 7a6618d69e7e8111e1d49dc9e7813767c5ca756a) (based on LLVM 8.0.2svn)]
  ignore line: [Target: i686-none-linux-android16]
  ignore line: [Thread model: posix]
  ignore line: [InstalledDir: /Users/Jonny/Library/Android/NDK/toolchains/llvm/prebuilt/darwin-x86_64/bin]
  ignore line: [Found candidate GCC installation: /Users/Jonny/Library/Android/NDK/toolchains/llvm/prebuilt/darwin-x86_64/lib/gcc/i686-linux-android/4.9.x]
  ignore line: [Found candidate GCC installation: /Users/Jonny/Library/Android/NDK/toolchains/llvm/prebuilt/darwin-x86_64/lib/gcc/x86_64-linux-android/4.9.x]
  ignore line: [Selected GCC installation: /Users/Jonny/Library/Android/NDK/toolchains/llvm/prebuilt/darwin-x86_64/lib/gcc/i686-linux-android/4.9.x]
  ignore line: [Candidate multilib: .]
  ignore line: [@m32]
  ignore line: [Selected multilib: .]
  ignore line: [@m32]
  link line: [ "/Users/Jonny/Library/Android/NDK/toolchains/llvm/prebuilt/darwin-x86_64/lib/gcc/i686-linux-android/4.9.x/../../../../i686-linux-android/bin/ld" --sysroot=/Users/Jonny/Library/Android/NDK/toolchains/llvm/prebuilt/darwin-x86_64/sysroot -pie --enable-new-dtags --eh-frame-hdr -m elf_i386 -dynamic-linker /system/bin/linker -o cmTC_f2331 /Users/Jonny/Library/Android/NDK/toolchains/llvm/prebuilt/darwin-x86_64/sysroot/usr/lib/i686-linux-android/16/crtbegin_dynamic.o -L/Users/Jonny/Library/Android/NDK/toolchains/llvm/prebuilt/darwin-x86_64/lib64/clang/8.0.2/lib/linux/i386 -L/Users/Jonny/Library/Android/NDK/toolchains/llvm/prebuilt/darwin-x86_64/lib/gcc/i686-linux-android/4.9.x -L/Users/Jonny/Library/Android/NDK/toolchains/llvm/prebuilt/darwin-x86_64/sysroot/usr/lib/i686-linux-android/16 -L/Users/Jonny/Library/Android/NDK/toolchains/llvm/prebuilt/darwin-x86_64/sysroot/usr/lib/i686-linux-android -L/Users/Jonny/Library/Android/NDK/toolchains/llvm/prebuilt/darwin-x86_64/lib/gcc/i686-linux-android/4.9.x/../../../../i686-linux-android/lib -L/Users/Jonny/Library/Android/NDK/toolchains/llvm/prebuilt/darwin-x86_64/sysroot/usr/lib --exclude-libs libgcc.a --exclude-libs libatomic.a --build-id --warn-shared-textrel --fatal-warnings --no-undefined -z noexecstack -z relro -z now --gc-sections CMakeFiles/cmTC_f2331.dir/CMakeCXXCompilerABI.cpp.o -Bstatic -lc++ -Bdynamic -lm -lgcc -lgcc -ldl -lc -lgcc -lgcc -ldl /Users/Jonny/Library/Android/NDK/toolchains/llvm/prebuilt/darwin-x86_64/sysroot/usr/lib/i686-linux-android/16/crtend_android.o]
    arg [/Users/Jonny/Library/Android/NDK/toolchains/llvm/prebuilt/darwin-x86_64/lib/gcc/i686-linux-android/4.9.x/../../../../i686-linux-android/bin/ld] ==> ignore
    arg [--sysroot=/Users/Jonny/Library/Android/NDK/toolchains/llvm/prebuilt/darwin-x86_64/sysroot] ==> ignore
    arg [-pie] ==> ignore
    arg [--enable-new-dtags] ==> ignore
    arg [--eh-frame-hdr] ==> ignore
    arg [-m] ==> ignore
    arg [elf_i386] ==> ignore
    arg [-dynamic-linker] ==> ignore
    arg [/system/bin/linker] ==> ignore
    arg [-o] ==> ignore
    arg [cmTC_f2331] ==> ignore
    arg [/Users/Jonny/Library/Android/NDK/toolchains/llvm/prebuilt/darwin-x86_64/sysroot/usr/lib/i686-linux-android/16/crtbegin_dynamic.o] ==> ignore
    arg [-L/Users/Jonny/Library/Android/NDK/toolchains/llvm/prebuilt/darwin-x86_64/lib64/clang/8.0.2/lib/linux/i386] ==> dir [/Users/Jonny/Library/Android/NDK/toolchains/llvm/prebuilt/darwin-x86_64/lib64/clang/8.0.2/lib/linux/i386]
    arg [-L/Users/Jonny/Library/Android/NDK/toolchains/llvm/prebuilt/darwin-x86_64/lib/gcc/i686-linux-android/4.9.x] ==> dir [/Users/Jonny/Library/Android/NDK/toolchains/llvm/prebuilt/darwin-x86_64/lib/gcc/i686-linux-android/4.9.x]
    arg [-L/Users/Jonny/Library/Android/NDK/toolchains/llvm/prebuilt/darwin-x86_64/sysroot/usr/lib/i686-linux-android/16] ==> dir [/Users/Jonny/Library/Android/NDK/toolchains/llvm/prebuilt/darwin-x86_64/sysroot/usr/lib/i686-linux-android/16]
    arg [-L/Users/Jonny/Library/Android/NDK/toolchains/llvm/prebuilt/darwin-x86_64/sysroot/usr/lib/i686-linux-android] ==> dir [/Users/Jonny/Library/Android/NDK/toolchains/llvm/prebuilt/darwin-x86_64/sysroot/usr/lib/i686-linux-android]
    arg [-L/Users/Jonny/Library/Android/NDK/toolchains/llvm/prebuilt/darwin-x86_64/lib/gcc/i686-linux-android/4.9.x/../../../../i686-linux-android/lib] ==> dir [/Users/Jonny/Library/Android/NDK/toolchains/llvm/prebuilt/darwin-x86_64/lib/gcc/i686-linux-android/4.9.x/../../../../i686-linux-android/lib]
    arg [-L/Users/Jonny/Library/Android/NDK/toolchains/llvm/prebuilt/darwin-x86_64/sysroot/usr/lib] ==> dir [/Users/Jonny/Library/Android/NDK/toolchains/llvm/prebuilt/darwin-x86_64/sysroot/usr/lib]
    arg [--exclude-libs] ==> ignore
    arg [libgcc.a] ==> ignore
    arg [--exclude-libs] ==> ignore
    arg [libatomic.a] ==> ignore
    arg [--build-id] ==> ignore
    arg [--warn-shared-textrel] ==> ignore
    arg [--fatal-warnings] ==> ignore
    arg [--no-undefined] ==> ignore
    arg [-znoexecstack] ==> ignore
    arg [-zrelro] ==> ignore
    arg [-znow] ==> ignore
    arg [--gc-sections] ==> ignore
    arg [CMakeFiles/cmTC_f2331.dir/CMakeCXXCompilerABI.cpp.o] ==> ignore
    arg [-Bstatic] ==> ignore
    arg [-lc++] ==> lib [c++]
    arg [-Bdynamic] ==> ignore
    arg [-lm] ==> lib [m]
    arg [-lgcc] ==> lib [gcc]
    arg [-lgcc] ==> lib [gcc]
    arg [-ldl] ==> lib [dl]
    arg [-lc] ==> lib [c]
    arg [-lgcc] ==> lib [gcc]
    arg [-lgcc] ==> lib [gcc]
    arg [-ldl] ==> lib [dl]
    arg [/Users/Jonny/Library/Android/NDK/toolchains/llvm/prebuilt/darwin-x86_64/sysroot/usr/lib/i686-linux-android/16/crtend_android.o] ==> ignore
  collapse library dir [/Users/Jonny/Library/Android/NDK/toolchains/llvm/prebuilt/darwin-x86_64/lib64/clang/8.0.2/lib/linux/i386] ==> [/Users/Jonny/Library/Android/NDK/toolchains/llvm/prebuilt/darwin-x86_64/lib64/clang/8.0.2/lib/linux/i386]
  collapse library dir [/Users/Jonny/Library/Android/NDK/toolchains/llvm/prebuilt/darwin-x86_64/lib/gcc/i686-linux-android/4.9.x] ==> [/Users/Jonny/Library/Android/NDK/toolchains/llvm/prebuilt/darwin-x86_64/lib/gcc/i686-linux-android/4.9.x]
  collapse library dir [/Users/Jonny/Library/Android/NDK/toolchains/llvm/prebuilt/darwin-x86_64/sysroot/usr/lib/i686-linux-android/16] ==> [/Users/Jonny/Library/Android/NDK/toolchains/llvm/prebuilt/darwin-x86_64/sysroot/usr/lib/i686-linux-android/16]
  collapse library dir [/Users/Jonny/Library/Android/NDK/toolchains/llvm/prebuilt/darwin-x86_64/sysroot/usr/lib/i686-linux-android] ==> [/Users/Jonny/Library/Android/NDK/toolchains/llvm/prebuilt/darwin-x86_64/sysroot/usr/lib/i686-linux-android]
  collapse library dir [/Users/Jonny/Library/Android/NDK/toolchains/llvm/prebuilt/darwin-x86_64/lib/gcc/i686-linux-android/4.9.x/../../../../i686-linux-android/lib] ==> [/Users/Jonny/Library/Android/NDK/toolchains/llvm/prebuilt/darwin-x86_64/i686-linux-android/lib]
  collapse library dir [/Users/Jonny/Library/Android/NDK/toolchains/llvm/prebuilt/darwin-x86_64/sysroot/usr/lib] ==> [/Users/Jonny/Library/Android/NDK/toolchains/llvm/prebuilt/darwin-x86_64/sysroot/usr/lib]
  implicit libs: [c++;m;gcc;gcc;dl;c;gcc;gcc;dl]
  implicit dirs: [/Users/Jonny/Library/Android/NDK/toolchains/llvm/prebuilt/darwin-x86_64/lib64/clang/8.0.2/lib/linux/i386;/Users/Jonny/Library/Android/NDK/toolchains/llvm/prebuilt/darwin-x86_64/lib/gcc/i686-linux-android/4.9.x;/Users/Jonny/Library/Android/NDK/toolchains/llvm/prebuilt/darwin-x86_64/sysroot/usr/lib/i686-linux-android/16;/Users/Jonny/Library/Android/NDK/toolchains/llvm/prebuilt/darwin-x86_64/sysroot/usr/lib/i686-linux-android;/Users/Jonny/Library/Android/NDK/toolchains/llvm/prebuilt/darwin-x86_64/i686-linux-android/lib;/Users/Jonny/Library/Android/NDK/toolchains/llvm/prebuilt/darwin-x86_64/sysroot/usr/lib]
  implicit fwks: []




Detecting CXX [-std=c++1z] compiler features compiled with the following output:
Change Dir: /Users/Jonny/Project/xlua_libs/build/build.Android.x86/CMakeFiles/CMakeTmp

Run Build Command:"/usr/bin/make" "cmTC_2ea6c/fast"
/Applications/Xcode.app/Contents/Developer/usr/bin/make -f CMakeFiles/cmTC_2ea6c.dir/build.make CMakeFiles/cmTC_2ea6c.dir/build
Building CXX object CMakeFiles/cmTC_2ea6c.dir/feature_tests.cxx.o
/Users/Jonny/Library/Android/NDK/toolchains/llvm/prebuilt/darwin-x86_64/bin/clang++ --target=i686-none-linux-android16 --gcc-toolchain=/Users/Jonny/Library/Android/NDK/toolchains/llvm/prebuilt/darwin-x86_64    --sysroot /Users/Jonny/Library/Android/NDK/toolchains/llvm/prebuilt/darwin-x86_64/sysroot -g -DANDROID -fdata-sections -ffunction-sections -funwind-tables -fstack-protector-strong -no-canonical-prefixes -mstackrealign -fno-addrsig -Wa,--noexecstack -Wformat -Werror=format-security -stdlib=libc++   -fPIE   -std=c++1z -o CMakeFiles/cmTC_2ea6c.dir/feature_tests.cxx.o -c /Users/Jonny/Project/xlua_libs/build/build.Android.x86/CMakeFiles/feature_tests.cxx
Linking CXX executable cmTC_2ea6c
/Applications/CMake.app/Contents/bin/cmake -E cmake_link_script CMakeFiles/cmTC_2ea6c.dir/link.txt --verbose=1
/Users/Jonny/Library/Android/NDK/toolchains/llvm/prebuilt/darwin-x86_64/bin/clang++ --target=i686-none-linux-android16 --gcc-toolchain=/Users/Jonny/Library/Android/NDK/toolchains/llvm/prebuilt/darwin-x86_64  --sysroot /Users/Jonny/Library/Android/NDK/toolchains/llvm/prebuilt/darwin-x86_64/sysroot -g -DANDROID -fdata-sections -ffunction-sections -funwind-tables -fstack-protector-strong -no-canonical-prefixes -mstackrealign -fno-addrsig -Wa,--noexecstack -Wformat -Werror=format-security -stdlib=libc++    -Wl,--exclude-libs,libgcc.a -Wl,--exclude-libs,libatomic.a -static-libstdc++ -Wl,--build-id -Wl,--warn-shared-textrel -Wl,--fatal-warnings -Wl,--no-undefined -Qunused-arguments -Wl,-z,noexecstack -Wl,-z,relro -Wl,-z,now -Wl,--gc-sections   CMakeFiles/cmTC_2ea6c.dir/feature_tests.cxx.o  -o cmTC_2ea6c -latomic -lm 


    Feature record: CXX_FEATURE:1cxx_aggregate_default_initializers
    Feature record: CXX_FEATURE:1cxx_alias_templates
    Feature record: CXX_FEATURE:1cxx_alignas
    Feature record: CXX_FEATURE:1cxx_alignof
    Feature record: CXX_FEATURE:1cxx_attributes
    Feature record: CXX_FEATURE:1cxx_attribute_deprecated
    Feature record: CXX_FEATURE:1cxx_auto_type
    Feature record: CXX_FEATURE:1cxx_binary_literals
    Feature record: CXX_FEATURE:1cxx_constexpr
    Feature record: CXX_FEATURE:1cxx_contextual_conversions
    Feature record: CXX_FEATURE:1cxx_decltype
    Feature record: CXX_FEATURE:1cxx_decltype_auto
    Feature record: CXX_FEATURE:1cxx_decltype_incomplete_return_types
    Feature record: CXX_FEATURE:1cxx_default_function_template_args
    Feature record: CXX_FEATURE:1cxx_defaulted_functions
    Feature record: CXX_FEATURE:1cxx_defaulted_move_initializers
    Feature record: CXX_FEATURE:1cxx_delegating_constructors
    Feature record: CXX_FEATURE:1cxx_deleted_functions
    Feature record: CXX_FEATURE:1cxx_digit_separators
    Feature record: CXX_FEATURE:1cxx_enum_forward_declarations
    Feature record: CXX_FEATURE:1cxx_explicit_conversions
    Feature record: CXX_FEATURE:1cxx_extended_friend_declarations
    Feature record: CXX_FEATURE:1cxx_extern_templates
    Feature record: CXX_FEATURE:1cxx_final
    Feature record: CXX_FEATURE:1cxx_func_identifier
    Feature record: CXX_FEATURE:1cxx_generalized_initializers
    Feature record: CXX_FEATURE:1cxx_generic_lambdas
    Feature record: CXX_FEATURE:1cxx_inheriting_constructors
    Feature record: CXX_FEATURE:1cxx_inline_namespaces
    Feature record: CXX_FEATURE:1cxx_lambdas
    Feature record: CXX_FEATURE:1cxx_lambda_init_captures
    Feature record: CXX_FEATURE:1cxx_local_type_template_args
    Feature record: CXX_FEATURE:1cxx_long_long_type
    Feature record: CXX_FEATURE:1cxx_noexcept
    Feature record: CXX_FEATURE:1cxx_nonstatic_member_init
    Feature record: CXX_FEATURE:1cxx_nullptr
    Feature record: CXX_FEATURE:1cxx_override
    Feature record: CXX_FEATURE:1cxx_range_for
    Feature record: CXX_FEATURE:1cxx_raw_string_literals
    Feature record: CXX_FEATURE:1cxx_reference_qualified_functions
    Feature record: CXX_FEATURE:1cxx_relaxed_constexpr
    Feature record: CXX_FEATURE:1cxx_return_type_deduction
    Feature record: CXX_FEATURE:1cxx_right_angle_brackets
    Feature record: CXX_FEATURE:1cxx_rvalue_references
    Feature record: CXX_FEATURE:1cxx_sizeof_member
    Feature record: CXX_FEATURE:1cxx_static_assert
    Feature record: CXX_FEATURE:1cxx_strong_enums
    Feature record: CXX_FEATURE:1cxx_template_template_parameters
    Feature record: CXX_FEATURE:1cxx_thread_local
    Feature record: CXX_FEATURE:1cxx_trailing_return_types
    Feature record: CXX_FEATURE:1cxx_unicode_literals
    Feature record: CXX_FEATURE:1cxx_uniform_initialization
    Feature record: CXX_FEATURE:1cxx_unrestricted_unions
    Feature record: CXX_FEATURE:1cxx_user_literals
    Feature record: CXX_FEATURE:1cxx_variable_templates
    Feature record: CXX_FEATURE:1cxx_variadic_macros
    Feature record: CXX_FEATURE:1cxx_variadic_templates


Detecting CXX [-std=c++14] compiler features compiled with the following output:
Change Dir: /Users/Jonny/Project/xlua_libs/build/build.Android.x86/CMakeFiles/CMakeTmp

Run Build Command:"/usr/bin/make" "cmTC_5c1f0/fast"
/Applications/Xcode.app/Contents/Developer/usr/bin/make -f CMakeFiles/cmTC_5c1f0.dir/build.make CMakeFiles/cmTC_5c1f0.dir/build
Building CXX object CMakeFiles/cmTC_5c1f0.dir/feature_tests.cxx.o
/Users/Jonny/Library/Android/NDK/toolchains/llvm/prebuilt/darwin-x86_64/bin/clang++ --target=i686-none-linux-android16 --gcc-toolchain=/Users/Jonny/Library/Android/NDK/toolchains/llvm/prebuilt/darwin-x86_64    --sysroot /Users/Jonny/Library/Android/NDK/toolchains/llvm/prebuilt/darwin-x86_64/sysroot -g -DANDROID -fdata-sections -ffunction-sections -funwind-tables -fstack-protector-strong -no-canonical-prefixes -mstackrealign -fno-addrsig -Wa,--noexecstack -Wformat -Werror=format-security -stdlib=libc++   -fPIE   -std=c++14 -o CMakeFiles/cmTC_5c1f0.dir/feature_tests.cxx.o -c /Users/Jonny/Project/xlua_libs/build/build.Android.x86/CMakeFiles/feature_tests.cxx
Linking CXX executable cmTC_5c1f0
/Applications/CMake.app/Contents/bin/cmake -E cmake_link_script CMakeFiles/cmTC_5c1f0.dir/link.txt --verbose=1
/Users/Jonny/Library/Android/NDK/toolchains/llvm/prebuilt/darwin-x86_64/bin/clang++ --target=i686-none-linux-android16 --gcc-toolchain=/Users/Jonny/Library/Android/NDK/toolchains/llvm/prebuilt/darwin-x86_64  --sysroot /Users/Jonny/Library/Android/NDK/toolchains/llvm/prebuilt/darwin-x86_64/sysroot -g -DANDROID -fdata-sections -ffunction-sections -funwind-tables -fstack-protector-strong -no-canonical-prefixes -mstackrealign -fno-addrsig -Wa,--noexecstack -Wformat -Werror=format-security -stdlib=libc++    -Wl,--exclude-libs,libgcc.a -Wl,--exclude-libs,libatomic.a -static-libstdc++ -Wl,--build-id -Wl,--warn-shared-textrel -Wl,--fatal-warnings -Wl,--no-undefined -Qunused-arguments -Wl,-z,noexecstack -Wl,-z,relro -Wl,-z,now -Wl,--gc-sections   CMakeFiles/cmTC_5c1f0.dir/feature_tests.cxx.o  -o cmTC_5c1f0 -latomic -lm 


    Feature record: CXX_FEATURE:1cxx_aggregate_default_initializers
    Feature record: CXX_FEATURE:1cxx_alias_templates
    Feature record: CXX_FEATURE:1cxx_alignas
    Feature record: CXX_FEATURE:1cxx_alignof
    Feature record: CXX_FEATURE:1cxx_attributes
    Feature record: CXX_FEATURE:1cxx_attribute_deprecated
    Feature record: CXX_FEATURE:1cxx_auto_type
    Feature record: CXX_FEATURE:1cxx_binary_literals
    Feature record: CXX_FEATURE:1cxx_constexpr
    Feature record: CXX_FEATURE:1cxx_contextual_conversions
    Feature record: CXX_FEATURE:1cxx_decltype
    Feature record: CXX_FEATURE:1cxx_decltype_auto
    Feature record: CXX_FEATURE:1cxx_decltype_incomplete_return_types
    Feature record: CXX_FEATURE:1cxx_default_function_template_args
    Feature record: CXX_FEATURE:1cxx_defaulted_functions
    Feature record: CXX_FEATURE:1cxx_defaulted_move_initializers
    Feature record: CXX_FEATURE:1cxx_delegating_constructors
    Feature record: CXX_FEATURE:1cxx_deleted_functions
    Feature record: CXX_FEATURE:1cxx_digit_separators
    Feature record: CXX_FEATURE:1cxx_enum_forward_declarations
    Feature record: CXX_FEATURE:1cxx_explicit_conversions
    Feature record: CXX_FEATURE:1cxx_extended_friend_declarations
    Feature record: CXX_FEATURE:1cxx_extern_templates
    Feature record: CXX_FEATURE:1cxx_final
    Feature record: CXX_FEATURE:1cxx_func_identifier
    Feature record: CXX_FEATURE:1cxx_generalized_initializers
    Feature record: CXX_FEATURE:1cxx_generic_lambdas
    Feature record: CXX_FEATURE:1cxx_inheriting_constructors
    Feature record: CXX_FEATURE:1cxx_inline_namespaces
    Feature record: CXX_FEATURE:1cxx_lambdas
    Feature record: CXX_FEATURE:1cxx_lambda_init_captures
    Feature record: CXX_FEATURE:1cxx_local_type_template_args
    Feature record: CXX_FEATURE:1cxx_long_long_type
    Feature record: CXX_FEATURE:1cxx_noexcept
    Feature record: CXX_FEATURE:1cxx_nonstatic_member_init
    Feature record: CXX_FEATURE:1cxx_nullptr
    Feature record: CXX_FEATURE:1cxx_override
    Feature record: CXX_FEATURE:1cxx_range_for
    Feature record: CXX_FEATURE:1cxx_raw_string_literals
    Feature record: CXX_FEATURE:1cxx_reference_qualified_functions
    Feature record: CXX_FEATURE:1cxx_relaxed_constexpr
    Feature record: CXX_FEATURE:1cxx_return_type_deduction
    Feature record: CXX_FEATURE:1cxx_right_angle_brackets
    Feature record: CXX_FEATURE:1cxx_rvalue_references
    Feature record: CXX_FEATURE:1cxx_sizeof_member
    Feature record: CXX_FEATURE:1cxx_static_assert
    Feature record: CXX_FEATURE:1cxx_strong_enums
    Feature record: CXX_FEATURE:1cxx_template_template_parameters
    Feature record: CXX_FEATURE:1cxx_thread_local
    Feature record: CXX_FEATURE:1cxx_trailing_return_types
    Feature record: CXX_FEATURE:1cxx_unicode_literals
    Feature record: CXX_FEATURE:1cxx_uniform_initialization
    Feature record: CXX_FEATURE:1cxx_unrestricted_unions
    Feature record: CXX_FEATURE:1cxx_user_literals
    Feature record: CXX_FEATURE:1cxx_variable_templates
    Feature record: CXX_FEATURE:1cxx_variadic_macros
    Feature record: CXX_FEATURE:1cxx_variadic_templates


Detecting CXX [-std=c++11] compiler features compiled with the following output:
Change Dir: /Users/Jonny/Project/xlua_libs/build/build.Android.x86/CMakeFiles/CMakeTmp

Run Build Command:"/usr/bin/make" "cmTC_14ad5/fast"
/Applications/Xcode.app/Contents/Developer/usr/bin/make -f CMakeFiles/cmTC_14ad5.dir/build.make CMakeFiles/cmTC_14ad5.dir/build
Building CXX object CMakeFiles/cmTC_14ad5.dir/feature_tests.cxx.o
/Users/Jonny/Library/Android/NDK/toolchains/llvm/prebuilt/darwin-x86_64/bin/clang++ --target=i686-none-linux-android16 --gcc-toolchain=/Users/Jonny/Library/Android/NDK/toolchains/llvm/prebuilt/darwin-x86_64    --sysroot /Users/Jonny/Library/Android/NDK/toolchains/llvm/prebuilt/darwin-x86_64/sysroot -g -DANDROID -fdata-sections -ffunction-sections -funwind-tables -fstack-protector-strong -no-canonical-prefixes -mstackrealign -fno-addrsig -Wa,--noexecstack -Wformat -Werror=format-security -stdlib=libc++   -fPIE   -std=c++11 -o CMakeFiles/cmTC_14ad5.dir/feature_tests.cxx.o -c /Users/Jonny/Project/xlua_libs/build/build.Android.x86/CMakeFiles/feature_tests.cxx
Linking CXX executable cmTC_14ad5
/Applications/CMake.app/Contents/bin/cmake -E cmake_link_script CMakeFiles/cmTC_14ad5.dir/link.txt --verbose=1
/Users/Jonny/Library/Android/NDK/toolchains/llvm/prebuilt/darwin-x86_64/bin/clang++ --target=i686-none-linux-android16 --gcc-toolchain=/Users/Jonny/Library/Android/NDK/toolchains/llvm/prebuilt/darwin-x86_64  --sysroot /Users/Jonny/Library/Android/NDK/toolchains/llvm/prebuilt/darwin-x86_64/sysroot -g -DANDROID -fdata-sections -ffunction-sections -funwind-tables -fstack-protector-strong -no-canonical-prefixes -mstackrealign -fno-addrsig -Wa,--noexecstack -Wformat -Werror=format-security -stdlib=libc++    -Wl,--exclude-libs,libgcc.a -Wl,--exclude-libs,libatomic.a -static-libstdc++ -Wl,--build-id -Wl,--warn-shared-textrel -Wl,--fatal-warnings -Wl,--no-undefined -Qunused-arguments -Wl,-z,noexecstack -Wl,-z,relro -Wl,-z,now -Wl,--gc-sections   CMakeFiles/cmTC_14ad5.dir/feature_tests.cxx.o  -o cmTC_14ad5 -latomic -lm 


    Feature record: CXX_FEATURE:0cxx_aggregate_default_initializers
    Feature record: CXX_FEATURE:1cxx_alias_templates
    Feature record: CXX_FEATURE:1cxx_alignas
    Feature record: CXX_FEATURE:1cxx_alignof
    Feature record: CXX_FEATURE:1cxx_attributes
    Feature record: CXX_FEATURE:0cxx_attribute_deprecated
    Feature record: CXX_FEATURE:1cxx_auto_type
    Feature record: CXX_FEATURE:0cxx_binary_literals
    Feature record: CXX_FEATURE:1cxx_constexpr
    Feature record: CXX_FEATURE:0cxx_contextual_conversions
    Feature record: CXX_FEATURE:1cxx_decltype
    Feature record: CXX_FEATURE:0cxx_decltype_auto
    Feature record: CXX_FEATURE:1cxx_decltype_incomplete_return_types
    Feature record: CXX_FEATURE:1cxx_default_function_template_args
    Feature record: CXX_FEATURE:1cxx_defaulted_functions
    Feature record: CXX_FEATURE:1cxx_defaulted_move_initializers
    Feature record: CXX_FEATURE:1cxx_delegating_constructors
    Feature record: CXX_FEATURE:1cxx_deleted_functions
    Feature record: CXX_FEATURE:0cxx_digit_separators
    Feature record: CXX_FEATURE:1cxx_enum_forward_declarations
    Feature record: CXX_FEATURE:1cxx_explicit_conversions
    Feature record: CXX_FEATURE:1cxx_extended_friend_declarations
    Feature record: CXX_FEATURE:1cxx_extern_templates
    Feature record: CXX_FEATURE:1cxx_final
    Feature record: CXX_FEATURE:1cxx_func_identifier
    Feature record: CXX_FEATURE:1cxx_generalized_initializers
    Feature record: CXX_FEATURE:0cxx_generic_lambdas
    Feature record: CXX_FEATURE:1cxx_inheriting_constructors
    Feature record: CXX_FEATURE:1cxx_inline_namespaces
    Feature record: CXX_FEATURE:1cxx_lambdas
    Feature record: CXX_FEATURE:0cxx_lambda_init_captures
    Feature record: CXX_FEATURE:1cxx_local_type_template_args
    Feature record: CXX_FEATURE:1cxx_long_long_type
    Feature record: CXX_FEATURE:1cxx_noexcept
    Feature record: CXX_FEATURE:1cxx_nonstatic_member_init
    Feature record: CXX_FEATURE:1cxx_nullptr
    Feature record: CXX_FEATURE:1cxx_override
    Feature record: CXX_FEATURE:1cxx_range_for
    Feature record: CXX_FEATURE:1cxx_raw_string_literals
    Feature record: CXX_FEATURE:1cxx_reference_qualified_functions
    Feature record: CXX_FEATURE:0cxx_relaxed_constexpr
    Feature record: CXX_FEATURE:0cxx_return_type_deduction
    Feature record: CXX_FEATURE:1cxx_right_angle_brackets
    Feature record: CXX_FEATURE:1cxx_rvalue_references
    Feature record: CXX_FEATURE:1cxx_sizeof_member
    Feature record: CXX_FEATURE:1cxx_static_assert
    Feature record: CXX_FEATURE:1cxx_strong_enums
    Feature record: CXX_FEATURE:1cxx_template_template_parameters
    Feature record: CXX_FEATURE:1cxx_thread_local
    Feature record: CXX_FEATURE:1cxx_trailing_return_types
    Feature record: CXX_FEATURE:1cxx_unicode_literals
    Feature record: CXX_FEATURE:1cxx_uniform_initialization
    Feature record: CXX_FEATURE:1cxx_unrestricted_unions
    Feature record: CXX_FEATURE:1cxx_user_literals
    Feature record: CXX_FEATURE:0cxx_variable_templates
    Feature record: CXX_FEATURE:1cxx_variadic_macros
    Feature record: CXX_FEATURE:1cxx_variadic_templates


Detecting CXX [-std=c++98] compiler features compiled with the following output:
Change Dir: /Users/Jonny/Project/xlua_libs/build/build.Android.x86/CMakeFiles/CMakeTmp

Run Build Command:"/usr/bin/make" "cmTC_5817a/fast"
/Applications/Xcode.app/Contents/Developer/usr/bin/make -f CMakeFiles/cmTC_5817a.dir/build.make CMakeFiles/cmTC_5817a.dir/build
Building CXX object CMakeFiles/cmTC_5817a.dir/feature_tests.cxx.o
/Users/Jonny/Library/Android/NDK/toolchains/llvm/prebuilt/darwin-x86_64/bin/clang++ --target=i686-none-linux-android16 --gcc-toolchain=/Users/Jonny/Library/Android/NDK/toolchains/llvm/prebuilt/darwin-x86_64    --sysroot /Users/Jonny/Library/Android/NDK/toolchains/llvm/prebuilt/darwin-x86_64/sysroot -g -DANDROID -fdata-sections -ffunction-sections -funwind-tables -fstack-protector-strong -no-canonical-prefixes -mstackrealign -fno-addrsig -Wa,--noexecstack -Wformat -Werror=format-security -stdlib=libc++   -fPIE   -std=c++98 -o CMakeFiles/cmTC_5817a.dir/feature_tests.cxx.o -c /Users/Jonny/Project/xlua_libs/build/build.Android.x86/CMakeFiles/feature_tests.cxx
Linking CXX executable cmTC_5817a
/Applications/CMake.app/Contents/bin/cmake -E cmake_link_script CMakeFiles/cmTC_5817a.dir/link.txt --verbose=1
/Users/Jonny/Library/Android/NDK/toolchains/llvm/prebuilt/darwin-x86_64/bin/clang++ --target=i686-none-linux-android16 --gcc-toolchain=/Users/Jonny/Library/Android/NDK/toolchains/llvm/prebuilt/darwin-x86_64  --sysroot /Users/Jonny/Library/Android/NDK/toolchains/llvm/prebuilt/darwin-x86_64/sysroot -g -DANDROID -fdata-sections -ffunction-sections -funwind-tables -fstack-protector-strong -no-canonical-prefixes -mstackrealign -fno-addrsig -Wa,--noexecstack -Wformat -Werror=format-security -stdlib=libc++    -Wl,--exclude-libs,libgcc.a -Wl,--exclude-libs,libatomic.a -static-libstdc++ -Wl,--build-id -Wl,--warn-shared-textrel -Wl,--fatal-warnings -Wl,--no-undefined -Qunused-arguments -Wl,-z,noexecstack -Wl,-z,relro -Wl,-z,now -Wl,--gc-sections   CMakeFiles/cmTC_5817a.dir/feature_tests.cxx.o  -o cmTC_5817a -latomic -lm 


    Feature record: CXX_FEATURE:0cxx_aggregate_default_initializers
    Feature record: CXX_FEATURE:0cxx_alias_templates
    Feature record: CXX_FEATURE:0cxx_alignas
    Feature record: CXX_FEATURE:0cxx_alignof
    Feature record: CXX_FEATURE:0cxx_attributes
    Feature record: CXX_FEATURE:0cxx_attribute_deprecated
    Feature record: CXX_FEATURE:0cxx_auto_type
    Feature record: CXX_FEATURE:0cxx_binary_literals
    Feature record: CXX_FEATURE:0cxx_constexpr
    Feature record: CXX_FEATURE:0cxx_contextual_conversions
    Feature record: CXX_FEATURE:0cxx_decltype
    Feature record: CXX_FEATURE:0cxx_decltype_auto
    Feature record: CXX_FEATURE:0cxx_decltype_incomplete_return_types
    Feature record: CXX_FEATURE:0cxx_default_function_template_args
    Feature record: CXX_FEATURE:0cxx_defaulted_functions
    Feature record: CXX_FEATURE:0cxx_defaulted_move_initializers
    Feature record: CXX_FEATURE:0cxx_delegating_constructors
    Feature record: CXX_FEATURE:0cxx_deleted_functions
    Feature record: CXX_FEATURE:0cxx_digit_separators
    Feature record: CXX_FEATURE:0cxx_enum_forward_declarations
    Feature record: CXX_FEATURE:0cxx_explicit_conversions
    Feature record: CXX_FEATURE:0cxx_extended_friend_declarations
    Feature record: CXX_FEATURE:0cxx_extern_templates
    Feature record: CXX_FEATURE:0cxx_final
    Feature record: CXX_FEATURE:0cxx_func_identifier
    Feature record: CXX_FEATURE:0cxx_generalized_initializers
    Feature record: CXX_FEATURE:0cxx_generic_lambdas
    Feature record: CXX_FEATURE:0cxx_inheriting_constructors
    Feature record: CXX_FEATURE:0cxx_inline_namespaces
    Feature record: CXX_FEATURE:0cxx_lambdas
    Feature record: CXX_FEATURE:0cxx_lambda_init_captures
    Feature record: CXX_FEATURE:0cxx_local_type_template_args
    Feature record: CXX_FEATURE:0cxx_long_long_type
    Feature record: CXX_FEATURE:0cxx_noexcept
    Feature record: CXX_FEATURE:0cxx_nonstatic_member_init
    Feature record: CXX_FEATURE:0cxx_nullptr
    Feature record: CXX_FEATURE:0cxx_override
    Feature record: CXX_FEATURE:0cxx_range_for
    Feature record: CXX_FEATURE:0cxx_raw_string_literals
    Feature record: CXX_FEATURE:0cxx_reference_qualified_functions
    Feature record: CXX_FEATURE:0cxx_relaxed_constexpr
    Feature record: CXX_FEATURE:0cxx_return_type_deduction
    Feature record: CXX_FEATURE:0cxx_right_angle_brackets
    Feature record: CXX_FEATURE:0cxx_rvalue_references
    Feature record: CXX_FEATURE:0cxx_sizeof_member
    Feature record: CXX_FEATURE:0cxx_static_assert
    Feature record: CXX_FEATURE:0cxx_strong_enums
    Feature record: CXX_FEATURE:1cxx_template_template_parameters
    Feature record: CXX_FEATURE:0cxx_thread_local
    Feature record: CXX_FEATURE:0cxx_trailing_return_types
    Feature record: CXX_FEATURE:0cxx_unicode_literals
    Feature record: CXX_FEATURE:0cxx_uniform_initialization
    Feature record: CXX_FEATURE:0cxx_unrestricted_unions
    Feature record: CXX_FEATURE:0cxx_user_literals
    Feature record: CXX_FEATURE:0cxx_variable_templates
    Feature record: CXX_FEATURE:0cxx_variadic_macros
    Feature record: CXX_FEATURE:0cxx_variadic_templates
