Compiling the C compiler identification source file "CMakeCCompilerId.c" failed.
Compiler:  
Build flags: 
Id flags:  

The output was:
65
note: Using new build system
note: Planning build
note: Constructing build description
Build system information
error: Signing for "CompilerIdC" requires a development team. Select a development team in the project editor. (in target 'CompilerIdC')

Build system information
warning: Traditional headermap style is no longer supported; please migrate to using separate headermaps and set 'ALWAYS_SEARCH_USER_PATHS' to NO. (in target 'CompilerIdC')

** BUILD FAILED **



Compiling the C compiler identification source file "CMakeCCompilerId.c" failed.
Compiler:  
Build flags: 
Id flags:  

The output was:
65
note: Using new build system
note: Planning build
note: Constructing build description
Build system information
error: Signing for "CompilerIdC" requires a development team. Select a development team in the project editor. (in target 'CompilerIdC')

Build system information
warning: Traditional headermap style is no longer supported; please migrate to using separate headermaps and set 'ALWAYS_SEARCH_USER_PATHS' to NO. (in target 'CompilerIdC')

** BUILD FAILED **



Compiling the CXX compiler identification source file "CMakeCXXCompilerId.cpp" failed.
Compiler:  
Build flags: 
Id flags:  

The output was:
65
note: Using new build system
note: Planning build
note: Constructing build description
Build system information
error: Signing for "CompilerIdCXX" requires a development team. Select a development team in the project editor. (in target 'CompilerIdCXX')

Build system information
warning: Traditional headermap style is no longer supported; please migrate to using separate headermaps and set 'ALWAYS_SEARCH_USER_PATHS' to NO. (in target 'CompilerIdCXX')

** BUILD FAILED **



Compiling the CXX compiler identification source file "CMakeCXXCompilerId.cpp" failed.
Compiler:  
Build flags: 
Id flags:  

The output was:
65
note: Using new build system
note: Planning build
note: Constructing build description
Build system information
error: Signing for "CompilerIdCXX" requires a development team. Select a development team in the project editor. (in target 'CompilerIdCXX')

Build system information
warning: Traditional headermap style is no longer supported; please migrate to using separate headermaps and set 'ALWAYS_SEARCH_USER_PATHS' to NO. (in target 'CompilerIdCXX')

** BUILD FAILED **



Compiling the C compiler identification source file "CMakeCCompilerId.c" failed.
Compiler:  
Build flags: 
Id flags:  

The output was:
65
note: Using new build system
note: Planning build
note: Constructing build description
Build system information
error: Signing for "CompilerIdC" requires a development team. Select a development team in the project editor. (in target 'CompilerIdC')

Build system information
warning: Traditional headermap style is no longer supported; please migrate to using separate headermaps and set 'ALWAYS_SEARCH_USER_PATHS' to NO. (in target 'CompilerIdC')

** BUILD FAILED **



Compiling the C compiler identification source file "CMakeCCompilerId.c" failed.
Compiler:  
Build flags: 
Id flags:  

The output was:
65
note: Using new build system
note: Planning build
note: Constructing build description
Build system information
error: Signing for "CompilerIdC" requires a development team. Select a development team in the project editor. (in target 'CompilerIdC')

Build system information
warning: Traditional headermap style is no longer supported; please migrate to using separate headermaps and set 'ALWAYS_SEARCH_USER_PATHS' to NO. (in target 'CompilerIdC')

** BUILD FAILED **



Compiling the CXX compiler identification source file "CMakeCXXCompilerId.cpp" failed.
Compiler:  
Build flags: -fvisibility=hidden;-fvisibility-inlines-hidden;-isysroot;/Applications/Xcode.app/Contents/Developer/Platforms/iPhoneOS.platform/Developer/SDKs/iPhoneOS12.1.sdk
Id flags:  

The output was:
65
note: Using new build system
note: Planning build
note: Constructing build description
Build system information
error: Signing for "CompilerIdCXX" requires a development team. Select a development team in the project editor. (in target 'CompilerIdCXX')

Build system information
warning: Traditional headermap style is no longer supported; please migrate to using separate headermaps and set 'ALWAYS_SEARCH_USER_PATHS' to NO. (in target 'CompilerIdCXX')

** BUILD FAILED **



Compiling the CXX compiler identification source file "CMakeCXXCompilerId.cpp" failed.
Compiler:  
Build flags: 
Id flags:  

The output was:
65
note: Using new build system
note: Planning build
note: Constructing build description
Build system information
error: Signing for "CompilerIdCXX" requires a development team. Select a development team in the project editor. (in target 'CompilerIdCXX')

Build system information
warning: Traditional headermap style is no longer supported; please migrate to using separate headermaps and set 'ALWAYS_SEARCH_USER_PATHS' to NO. (in target 'CompilerIdCXX')

** BUILD FAILED **



Compiling the C compiler identification source file "CMakeCCompilerId.c" failed.
Compiler:  
Build flags: 
Id flags:  

The output was:
65
note: Using new build system
note: Planning build
note: Constructing build description
Build system information
error: Signing for "CompilerIdC" requires a development team. Select a development team in the project editor. (in target 'CompilerIdC')

Build system information
warning: Traditional headermap style is no longer supported; please migrate to using separate headermaps and set 'ALWAYS_SEARCH_USER_PATHS' to NO. (in target 'CompilerIdC')

** BUILD FAILED **



Compiling the C compiler identification source file "CMakeCCompilerId.c" failed.
Compiler:  
Build flags: 
Id flags:  

The output was:
65
note: Using new build system
note: Planning build
note: Constructing build description
Build system information
error: Signing for "CompilerIdC" requires a development team. Select a development team in the project editor. (in target 'CompilerIdC')

Build system information
warning: Traditional headermap style is no longer supported; please migrate to using separate headermaps and set 'ALWAYS_SEARCH_USER_PATHS' to NO. (in target 'CompilerIdC')

** BUILD FAILED **



Compiling the CXX compiler identification source file "CMakeCXXCompilerId.cpp" failed.
Compiler:  
Build flags: -fvisibility=hidden;-fvisibility-inlines-hidden;-isysroot;/Applications/Xcode.app/Contents/Developer/Platforms/iPhoneOS.platform/Developer/SDKs/iPhoneOS12.1.sdk
Id flags:  

The output was:
65
note: Using new build system
note: Planning build
note: Constructing build description
Build system information
error: Signing for "CompilerIdCXX" requires a development team. Select a development team in the project editor. (in target 'CompilerIdCXX')

Build system information
warning: Traditional headermap style is no longer supported; please migrate to using separate headermaps and set 'ALWAYS_SEARCH_USER_PATHS' to NO. (in target 'CompilerIdCXX')

** BUILD FAILED **



Compiling the CXX compiler identification source file "CMakeCXXCompilerId.cpp" failed.
Compiler:  
Build flags: 
Id flags:  

The output was:
65
note: Using new build system
note: Planning build
note: Constructing build description
Build system information
error: Signing for "CompilerIdCXX" requires a development team. Select a development team in the project editor. (in target 'CompilerIdCXX')

Build system information
warning: Traditional headermap style is no longer supported; please migrate to using separate headermaps and set 'ALWAYS_SEARCH_USER_PATHS' to NO. (in target 'CompilerIdCXX')

** BUILD FAILED **



Detecting C compiler ABI info failed to compile with the following output:
Change Dir: /Users/Jonny/Project/xlua_libs/build/build_ios/CMakeFiles/CMakeTmp

Run Build Command:"/usr/bin/xcodebuild" "-project" "CMAKE_TRY_COMPILE.xcodeproj" "build" "-target" "cmTC_425f2" "-configuration" "Debug"
note: Using new build system
note: Planning build
note: Constructing build description
Build system information
error: Signing for "cmTC_425f2" requires a development team. Select a development team in the project editor. (in target 'cmTC_425f2')

Build system information
warning: The armv7 architecture is deprecated for your deployment target (iOS 12.1). You should update your ARCHS build setting to remove the armv7 architecture. (in target 'cmTC_425f2')

** BUILD FAILED **




Detecting C [-std=c11] compiler features failed to compile with the following output:
Change Dir: /Users/Jonny/Project/xlua_libs/build/build_ios/CMakeFiles/CMakeTmp

Run Build Command:"/usr/bin/xcodebuild" "-project" "CMAKE_TRY_COMPILE.xcodeproj" "build" "-target" "cmTC_24c8b" "-configuration" "Debug"
note: Using new build system
note: Planning build
note: Constructing build description
Build system information
error: Signing for "cmTC_24c8b" requires a development team. Select a development team in the project editor. (in target 'cmTC_24c8b')

Build system information
warning: The armv7 architecture is deprecated for your deployment target (iOS 12.1). You should update your ARCHS build setting to remove the armv7 architecture. (in target 'cmTC_24c8b')

** BUILD FAILED **




Detecting CXX compiler ABI info failed to compile with the following output:
Change Dir: /Users/Jonny/Project/xlua_libs/build/build_ios/CMakeFiles/CMakeTmp

Run Build Command:"/usr/bin/xcodebuild" "-project" "CMAKE_TRY_COMPILE.xcodeproj" "build" "-target" "cmTC_edbbf" "-configuration" "Debug"
note: Using new build system
note: Planning build
note: Constructing build description
Build system information
error: Signing for "cmTC_edbbf" requires a development team. Select a development team in the project editor. (in target 'cmTC_edbbf')

Build system information
warning: The armv7 architecture is deprecated for your deployment target (iOS 12.1). You should update your ARCHS build setting to remove the armv7 architecture. (in target 'cmTC_edbbf')

** BUILD FAILED **




Detecting CXX [-std=c++1z] compiler features failed to compile with the following output:
Change Dir: /Users/Jonny/Project/xlua_libs/build/build_ios/CMakeFiles/CMakeTmp

Run Build Command:"/usr/bin/xcodebuild" "-project" "CMAKE_TRY_COMPILE.xcodeproj" "build" "-target" "cmTC_713a1" "-configuration" "Debug"
note: Using new build system
note: Planning build
note: Constructing build description
Build system information
error: Signing for "cmTC_713a1" requires a development team. Select a development team in the project editor. (in target 'cmTC_713a1')

Build system information
warning: The armv7 architecture is deprecated for your deployment target (iOS 12.1). You should update your ARCHS build setting to remove the armv7 architecture. (in target 'cmTC_713a1')

** BUILD FAILED **




